c:\users\amit\documents\visual studio 2017\projects\rps v2\rps v2\debug\vc141.pdb
c:\users\amit\documents\visual studio 2017\projects\rps v2\rps v2\debug\vc141.idb
c:\users\amit\documents\visual studio 2017\projects\rps v2\rps v2\debug\game.obj
c:\users\amit\documents\visual studio 2017\projects\rps v2\rps v2\debug\consoleinput.obj
c:\users\amit\documents\visual studio 2017\projects\rps v2\rps v2\debug\fileexternal.obj
c:\users\amit\documents\visual studio 2017\projects\rps v2\rps v2\debug\gamemodes.obj
c:\users\amit\documents\visual studio 2017\projects\rps v2\rps v2\debug\gameauxilliary.obj
c:\users\amit\documents\visual studio 2017\projects\rps v2\rps v2\debug\input.obj
c:\users\amit\documents\visual studio 2017\projects\rps v2\rps v2\debug\pawn.obj
c:\users\amit\documents\visual studio 2017\projects\rps v2\rps v2\debug\player.obj
c:\users\amit\documents\visual studio 2017\projects\rps v2\rps v2\debug\rpsjbf.obj
c:\users\amit\documents\visual studio 2017\projects\rps v2\rps v2\debug\main.obj
c:\users\amit\documents\visual studio 2017\projects\rps v2\rps v2\debug\utils.obj
c:\users\amit\documents\visual studio 2017\projects\rps v2\debug\rps v2.ilk
c:\users\amit\documents\visual studio 2017\projects\rps v2\debug\rps v2.exe
c:\users\amit\documents\visual studio 2017\projects\rps v2\debug\rps v2.pdb
c:\users\amit\documents\visual studio 2017\projects\rps v2\rps v2\debug\rps v2.tlog\cl.command.1.tlog
c:\users\amit\documents\visual studio 2017\projects\rps v2\rps v2\debug\rps v2.tlog\cl.read.1.tlog
c:\users\amit\documents\visual studio 2017\projects\rps v2\rps v2\debug\rps v2.tlog\cl.write.1.tlog
c:\users\amit\documents\visual studio 2017\projects\rps v2\rps v2\debug\rps v2.tlog\link.command.1.tlog
c:\users\amit\documents\visual studio 2017\projects\rps v2\rps v2\debug\rps v2.tlog\link.read.1.tlog
c:\users\amit\documents\visual studio 2017\projects\rps v2\rps v2\debug\rps v2.tlog\link.write.1.tlog
