Winner: 1.
2 lost by losing all mobile pawns.

=====================
|?|?|?|?| | | |B| | |1
=====================
|?|?| | |?| | | | | |2
=====================
| | | | | | | | | | |3
=====================
| | | | | | | | | | |4
=====================
| |?| | | | | | | | |5
=====================
| | | | | | | | | |F|6
=====================
| | | | |s| | | | |B|7
=====================
| | | | | | | | | | |8
=====================
| | | | | | | | | | |9
=====================
| | | | | | | | | | |10
=====================
 1 2 3 4 5 6 7 8 9 10